ARM GAS  C:\Users\Korisnik\AppData\Local\Temp\ccYQkQVj.s 			page 1


   1              		.cpu cortex-m3
   2              		.eabi_attribute 20, 1
   3              		.eabi_attribute 21, 1
   4              		.eabi_attribute 23, 3
   5              		.eabi_attribute 24, 1
   6              		.eabi_attribute 25, 1
   7              		.eabi_attribute 26, 1
   8              		.eabi_attribute 30, 1
   9              		.eabi_attribute 34, 1
  10              		.eabi_attribute 18, 4
  11              		.file	"gpio.c"
  12              		.text
  13              	.Ltext0:
  14              		.cfi_sections	.debug_frame
  15              		.section	.text.MX_GPIO_Init,"ax",%progbits
  16              		.align	1
  17              		.global	MX_GPIO_Init
  18              		.arch armv7-m
  19              		.syntax unified
  20              		.thumb
  21              		.thumb_func
  22              		.fpu softvfp
  24              	MX_GPIO_Init:
  25              	.LFB65:
  26              		.file 1 "../Core/Src/gpio.c"
   1:../Core/Src/gpio.c **** 
  27              		.loc 1 37 1 view -0
  28              		.cfi_startproc
  29              		@ args = 0, pretend = 0, frame = 32
  30              		@ frame_needed = 0, uses_anonymous_args = 0
  31 0000 2DE9F041 		push	{r4, r5, r6, r7, r8, lr}
  32              	.LCFI0:
  33              		.cfi_def_cfa_offset 24
  34              		.cfi_offset 4, -24
  35              		.cfi_offset 5, -20
  36              		.cfi_offset 6, -16
  37              		.cfi_offset 7, -12
  38              		.cfi_offset 8, -8
  39              		.cfi_offset 14, -4
  40 0004 88B0     		sub	sp, sp, #32
  41              	.LCFI1:
  42              		.cfi_def_cfa_offset 56
  43              		.loc 1 39 3 view .LVU1
  44              		.loc 1 39 20 is_stmt 0 view .LVU2
  45 0006 0024     		movs	r4, #0
  46 0008 0494     		str	r4, [sp, #16]
  47 000a 0594     		str	r4, [sp, #20]
  48 000c 0694     		str	r4, [sp, #24]
  49 000e 0794     		str	r4, [sp, #28]
  50              		.loc 1 42 3 is_stmt 1 view .LVU3
  51              	.LBB2:
  52              		.loc 1 42 3 view .LVU4
  53              		.loc 1 42 3 view .LVU5
  54 0010 204B     		ldr	r3, .L3
  55 0012 9A69     		ldr	r2, [r3, #24]
  56 0014 42F01002 		orr	r2, r2, #16
  57 0018 9A61     		str	r2, [r3, #24]
ARM GAS  C:\Users\Korisnik\AppData\Local\Temp\ccYQkQVj.s 			page 2


  58              		.loc 1 42 3 view .LVU6
  59 001a 9A69     		ldr	r2, [r3, #24]
  60 001c 02F01002 		and	r2, r2, #16
  61 0020 0192     		str	r2, [sp, #4]
  62              		.loc 1 42 3 view .LVU7
  63 0022 019A     		ldr	r2, [sp, #4]
  64              	.LBE2:
  65              		.loc 1 42 3 view .LVU8
  66              		.loc 1 43 3 view .LVU9
  67              	.LBB3:
  68              		.loc 1 43 3 view .LVU10
  69              		.loc 1 43 3 view .LVU11
  70 0024 9A69     		ldr	r2, [r3, #24]
  71 0026 42F00402 		orr	r2, r2, #4
  72 002a 9A61     		str	r2, [r3, #24]
  73              		.loc 1 43 3 view .LVU12
  74 002c 9A69     		ldr	r2, [r3, #24]
  75 002e 02F00402 		and	r2, r2, #4
  76 0032 0292     		str	r2, [sp, #8]
  77              		.loc 1 43 3 view .LVU13
  78 0034 029A     		ldr	r2, [sp, #8]
  79              	.LBE3:
  80              		.loc 1 43 3 view .LVU14
  81              		.loc 1 44 3 view .LVU15
  82              	.LBB4:
  83              		.loc 1 44 3 view .LVU16
  84              		.loc 1 44 3 view .LVU17
  85 0036 9A69     		ldr	r2, [r3, #24]
  86 0038 42F00802 		orr	r2, r2, #8
  87 003c 9A61     		str	r2, [r3, #24]
  88              		.loc 1 44 3 view .LVU18
  89 003e 9B69     		ldr	r3, [r3, #24]
  90 0040 03F00803 		and	r3, r3, #8
  91 0044 0393     		str	r3, [sp, #12]
  92              		.loc 1 44 3 view .LVU19
  93 0046 039B     		ldr	r3, [sp, #12]
  94              	.LBE4:
  95              		.loc 1 44 3 view .LVU20
  96              		.loc 1 47 3 view .LVU21
  97 0048 134E     		ldr	r6, .L3+4
  98 004a 2246     		mov	r2, r4
  99 004c 7F21     		movs	r1, #127
 100 004e 3046     		mov	r0, r6
 101 0050 124D     		ldr	r5, .L3+8
 102 0052 A847     		blx	r5
 103              	.LVL0:
 104              		.loc 1 51 3 view .LVU22
 105 0054 124F     		ldr	r7, .L3+12
 106 0056 2246     		mov	r2, r4
 107 0058 4FF40151 		mov	r1, #8256
 108 005c 3846     		mov	r0, r7
 109 005e A847     		blx	r5
 110              	.LVL1:
 111              		.loc 1 55 3 view .LVU23
 112              		.loc 1 55 23 is_stmt 0 view .LVU24
 113 0060 7F23     		movs	r3, #127
 114 0062 0493     		str	r3, [sp, #16]
ARM GAS  C:\Users\Korisnik\AppData\Local\Temp\ccYQkQVj.s 			page 3


 115              		.loc 1 57 3 is_stmt 1 view .LVU25
 116              		.loc 1 57 24 is_stmt 0 view .LVU26
 117 0064 4FF00108 		mov	r8, #1
 118 0068 CDF81480 		str	r8, [sp, #20]
 119              		.loc 1 58 3 is_stmt 1 view .LVU27
 120              		.loc 1 58 24 is_stmt 0 view .LVU28
 121 006c 0225     		movs	r5, #2
 122 006e 0695     		str	r5, [sp, #24]
 123              		.loc 1 59 3 is_stmt 1 view .LVU29
 124              		.loc 1 59 25 is_stmt 0 view .LVU30
 125 0070 0795     		str	r5, [sp, #28]
 126              		.loc 1 60 3 is_stmt 1 view .LVU31
 127 0072 04A9     		add	r1, sp, #16
 128 0074 3046     		mov	r0, r6
 129 0076 0B4E     		ldr	r6, .L3+16
 130 0078 B047     		blx	r6
 131              	.LVL2:
 132              		.loc 1 63 3 view .LVU32
 133              		.loc 1 63 23 is_stmt 0 view .LVU33
 134 007a 4FF40153 		mov	r3, #8256
 135 007e 0493     		str	r3, [sp, #16]
 136              		.loc 1 64 3 is_stmt 1 view .LVU34
 137              		.loc 1 64 24 is_stmt 0 view .LVU35
 138 0080 CDF81480 		str	r8, [sp, #20]
 139              		.loc 1 65 3 is_stmt 1 view .LVU36
 140              		.loc 1 65 24 is_stmt 0 view .LVU37
 141 0084 0694     		str	r4, [sp, #24]
 142              		.loc 1 66 3 is_stmt 1 view .LVU38
 143              		.loc 1 66 25 is_stmt 0 view .LVU39
 144 0086 0795     		str	r5, [sp, #28]
 145              		.loc 1 67 3 is_stmt 1 view .LVU40
 146 0088 04A9     		add	r1, sp, #16
 147 008a 3846     		mov	r0, r7
 148 008c B047     		blx	r6
 149              	.LVL3:
 150              		.loc 1 69 1 is_stmt 0 view .LVU41
 151 008e 08B0     		add	sp, sp, #32
 152              	.LCFI2:
 153              		.cfi_def_cfa_offset 24
 154              		@ sp needed
 155 0090 BDE8F081 		pop	{r4, r5, r6, r7, r8, pc}
 156              	.L4:
 157              		.align	2
 158              	.L3:
 159 0094 00100240 		.word	1073876992
 160 0098 00100140 		.word	1073811456
 161 009c 00000000 		.word	HAL_GPIO_WritePin
 162 00a0 00080140 		.word	1073809408
 163 00a4 00000000 		.word	HAL_GPIO_Init
 164              		.cfi_endproc
 165              	.LFE65:
 167              		.text
 168              	.Letext0:
 169              		.file 2 "../c:\\users\\korisnik\\desktop\\gnu mcu\\arm-none-eabi-gcc-10.2.1-1.1\\arm-none-eabi\\in
 170              		.file 3 "../c:\\users\\korisnik\\desktop\\gnu mcu\\arm-none-eabi-gcc-10.2.1-1.1\\arm-none-eabi\\in
 171              		.file 4 "../Drivers/CMSIS/Device/ST/STM32F1xx/Include/stm32f103x6.h"
 172              		.file 5 "../Drivers/STM32F1xx_HAL_Driver/Inc/stm32f1xx_hal_gpio.h"
ARM GAS  C:\Users\Korisnik\AppData\Local\Temp\ccYQkQVj.s 			page 4


ARM GAS  C:\Users\Korisnik\AppData\Local\Temp\ccYQkQVj.s 			page 5


DEFINED SYMBOLS
                            *ABS*:0000000000000000 gpio.c
C:\Users\Korisnik\AppData\Local\Temp\ccYQkQVj.s:16     .text.MX_GPIO_Init:0000000000000000 $t
C:\Users\Korisnik\AppData\Local\Temp\ccYQkQVj.s:24     .text.MX_GPIO_Init:0000000000000000 MX_GPIO_Init
C:\Users\Korisnik\AppData\Local\Temp\ccYQkQVj.s:159    .text.MX_GPIO_Init:0000000000000094 $d

UNDEFINED SYMBOLS
HAL_GPIO_WritePin
HAL_GPIO_Init
