ARM GAS  C:\Users\Korisnik\AppData\Local\Temp\ccLzAtCB.s 			page 1


   1              		.cpu cortex-m3
   2              		.eabi_attribute 20, 1
   3              		.eabi_attribute 21, 1
   4              		.eabi_attribute 23, 3
   5              		.eabi_attribute 24, 1
   6              		.eabi_attribute 25, 1
   7              		.eabi_attribute 26, 1
   8              		.eabi_attribute 30, 1
   9              		.eabi_attribute 34, 1
  10              		.eabi_attribute 18, 4
  11              		.file	"usart.c"
  12              		.text
  13              	.Ltext0:
  14              		.cfi_sections	.debug_frame
  15              		.section	.text.MX_USART1_UART_Init,"ax",%progbits
  16              		.align	1
  17              		.global	MX_USART1_UART_Init
  18              		.arch armv7-m
  19              		.syntax unified
  20              		.thumb
  21              		.thumb_func
  22              		.fpu softvfp
  24              	MX_USART1_UART_Init:
  25              	.LFB65:
  26              		.file 1 "../Core/Src/usart.c"
   1:../Core/Src/usart.c **** 
  27              		.loc 1 32 1 view -0
  28              		.cfi_startproc
  29              		@ args = 0, pretend = 0, frame = 0
  30              		@ frame_needed = 0, uses_anonymous_args = 0
  31 0000 08B5     		push	{r3, lr}
  32              	.LCFI0:
  33              		.cfi_def_cfa_offset 8
  34              		.cfi_offset 3, -8
  35              		.cfi_offset 14, -4
  36              		.loc 1 41 3 view .LVU1
  37              		.loc 1 41 19 is_stmt 0 view .LVU2
  38 0002 0A48     		ldr	r0, .L5
  39 0004 0A4B     		ldr	r3, .L5+4
  40 0006 0360     		str	r3, [r0]
  41              		.loc 1 42 3 is_stmt 1 view .LVU3
  42              		.loc 1 42 24 is_stmt 0 view .LVU4
  43 0008 4FF41653 		mov	r3, #9600
  44 000c 4360     		str	r3, [r0, #4]
  45              		.loc 1 43 3 is_stmt 1 view .LVU5
  46              		.loc 1 43 26 is_stmt 0 view .LVU6
  47 000e 0023     		movs	r3, #0
  48 0010 8360     		str	r3, [r0, #8]
  49              		.loc 1 44 3 is_stmt 1 view .LVU7
  50              		.loc 1 44 24 is_stmt 0 view .LVU8
  51 0012 C360     		str	r3, [r0, #12]
  52              		.loc 1 45 3 is_stmt 1 view .LVU9
  53              		.loc 1 45 22 is_stmt 0 view .LVU10
  54 0014 0361     		str	r3, [r0, #16]
  55              		.loc 1 46 3 is_stmt 1 view .LVU11
  56              		.loc 1 46 20 is_stmt 0 view .LVU12
  57 0016 0C22     		movs	r2, #12
ARM GAS  C:\Users\Korisnik\AppData\Local\Temp\ccLzAtCB.s 			page 2


  58 0018 4261     		str	r2, [r0, #20]
  59              		.loc 1 47 3 is_stmt 1 view .LVU13
  60              		.loc 1 47 25 is_stmt 0 view .LVU14
  61 001a 8361     		str	r3, [r0, #24]
  62              		.loc 1 48 3 is_stmt 1 view .LVU15
  63              		.loc 1 48 28 is_stmt 0 view .LVU16
  64 001c C361     		str	r3, [r0, #28]
  65              		.loc 1 49 3 is_stmt 1 view .LVU17
  66              		.loc 1 49 7 is_stmt 0 view .LVU18
  67 001e 054B     		ldr	r3, .L5+8
  68 0020 9847     		blx	r3
  69              	.LVL0:
  70              		.loc 1 49 6 view .LVU19
  71 0022 00B9     		cbnz	r0, .L4
  72              	.L1:
  73              		.loc 1 57 1 view .LVU20
  74 0024 08BD     		pop	{r3, pc}
  75              	.L4:
  76              		.loc 1 51 5 is_stmt 1 view .LVU21
  77 0026 044B     		ldr	r3, .L5+12
  78 0028 9847     		blx	r3
  79              	.LVL1:
  80              		.loc 1 57 1 is_stmt 0 view .LVU22
  81 002a FBE7     		b	.L1
  82              	.L6:
  83              		.align	2
  84              	.L5:
  85 002c 00000000 		.word	.LANCHOR0
  86 0030 00380140 		.word	1073821696
  87 0034 00000000 		.word	HAL_UART_Init
  88 0038 00000000 		.word	Error_Handler
  89              		.cfi_endproc
  90              	.LFE65:
  92              		.section	.text.HAL_UART_MspInit,"ax",%progbits
  93              		.align	1
  94              		.global	HAL_UART_MspInit
  95              		.syntax unified
  96              		.thumb
  97              		.thumb_func
  98              		.fpu softvfp
 100              	HAL_UART_MspInit:
 101              	.LVL2:
 102              	.LFB66:
 103              		.loc 1 60 1 is_stmt 1 view -0
 104              		.cfi_startproc
 105              		@ args = 0, pretend = 0, frame = 24
 106              		@ frame_needed = 0, uses_anonymous_args = 0
 107              		.loc 1 60 1 is_stmt 0 view .LVU24
 108 0000 70B5     		push	{r4, r5, r6, lr}
 109              	.LCFI1:
 110              		.cfi_def_cfa_offset 16
 111              		.cfi_offset 4, -16
 112              		.cfi_offset 5, -12
 113              		.cfi_offset 6, -8
 114              		.cfi_offset 14, -4
 115 0002 86B0     		sub	sp, sp, #24
 116              	.LCFI2:
ARM GAS  C:\Users\Korisnik\AppData\Local\Temp\ccLzAtCB.s 			page 3


 117              		.cfi_def_cfa_offset 40
 118              		.loc 1 62 3 is_stmt 1 view .LVU25
 119              		.loc 1 62 20 is_stmt 0 view .LVU26
 120 0004 0023     		movs	r3, #0
 121 0006 0293     		str	r3, [sp, #8]
 122 0008 0393     		str	r3, [sp, #12]
 123 000a 0493     		str	r3, [sp, #16]
 124 000c 0593     		str	r3, [sp, #20]
 125              		.loc 1 63 3 is_stmt 1 view .LVU27
 126              		.loc 1 63 16 is_stmt 0 view .LVU28
 127 000e 0268     		ldr	r2, [r0]
 128              		.loc 1 63 5 view .LVU29
 129 0010 1D4B     		ldr	r3, .L11
 130 0012 9A42     		cmp	r2, r3
 131 0014 01D0     		beq	.L10
 132              	.LVL3:
 133              	.L7:
 134              		.loc 1 95 1 view .LVU30
 135 0016 06B0     		add	sp, sp, #24
 136              	.LCFI3:
 137              		.cfi_remember_state
 138              		.cfi_def_cfa_offset 16
 139              		@ sp needed
 140 0018 70BD     		pop	{r4, r5, r6, pc}
 141              	.LVL4:
 142              	.L10:
 143              	.LCFI4:
 144              		.cfi_restore_state
 145              		.loc 1 69 5 is_stmt 1 view .LVU31
 146              	.LBB2:
 147              		.loc 1 69 5 view .LVU32
 148              		.loc 1 69 5 view .LVU33
 149 001a 03F55843 		add	r3, r3, #55296
 150 001e 9A69     		ldr	r2, [r3, #24]
 151 0020 42F48042 		orr	r2, r2, #16384
 152 0024 9A61     		str	r2, [r3, #24]
 153              		.loc 1 69 5 view .LVU34
 154 0026 9A69     		ldr	r2, [r3, #24]
 155 0028 02F48042 		and	r2, r2, #16384
 156 002c 0092     		str	r2, [sp]
 157              		.loc 1 69 5 view .LVU35
 158 002e 009A     		ldr	r2, [sp]
 159              	.LBE2:
 160              		.loc 1 69 5 view .LVU36
 161              		.loc 1 71 5 view .LVU37
 162              	.LBB3:
 163              		.loc 1 71 5 view .LVU38
 164              		.loc 1 71 5 view .LVU39
 165 0030 9A69     		ldr	r2, [r3, #24]
 166 0032 42F00802 		orr	r2, r2, #8
 167 0036 9A61     		str	r2, [r3, #24]
 168              		.loc 1 71 5 view .LVU40
 169 0038 9B69     		ldr	r3, [r3, #24]
 170 003a 03F00803 		and	r3, r3, #8
 171 003e 0193     		str	r3, [sp, #4]
 172              		.loc 1 71 5 view .LVU41
 173 0040 019B     		ldr	r3, [sp, #4]
ARM GAS  C:\Users\Korisnik\AppData\Local\Temp\ccLzAtCB.s 			page 4


 174              	.LBE3:
 175              		.loc 1 71 5 view .LVU42
 176              		.loc 1 76 5 view .LVU43
 177              		.loc 1 76 25 is_stmt 0 view .LVU44
 178 0042 4023     		movs	r3, #64
 179 0044 0293     		str	r3, [sp, #8]
 180              		.loc 1 77 5 is_stmt 1 view .LVU45
 181              		.loc 1 77 26 is_stmt 0 view .LVU46
 182 0046 0223     		movs	r3, #2
 183 0048 0393     		str	r3, [sp, #12]
 184              		.loc 1 78 5 is_stmt 1 view .LVU47
 185              		.loc 1 78 27 is_stmt 0 view .LVU48
 186 004a 0323     		movs	r3, #3
 187 004c 0593     		str	r3, [sp, #20]
 188              		.loc 1 79 5 is_stmt 1 view .LVU49
 189 004e 0F4E     		ldr	r6, .L11+4
 190 0050 02A9     		add	r1, sp, #8
 191 0052 3046     		mov	r0, r6
 192              	.LVL5:
 193              		.loc 1 79 5 is_stmt 0 view .LVU50
 194 0054 0E4D     		ldr	r5, .L11+8
 195 0056 A847     		blx	r5
 196              	.LVL6:
 197              		.loc 1 81 5 is_stmt 1 view .LVU51
 198              		.loc 1 81 25 is_stmt 0 view .LVU52
 199 0058 8023     		movs	r3, #128
 200 005a 0293     		str	r3, [sp, #8]
 201              		.loc 1 82 5 is_stmt 1 view .LVU53
 202              		.loc 1 82 26 is_stmt 0 view .LVU54
 203 005c 0024     		movs	r4, #0
 204 005e 0394     		str	r4, [sp, #12]
 205              		.loc 1 83 5 is_stmt 1 view .LVU55
 206              		.loc 1 83 26 is_stmt 0 view .LVU56
 207 0060 0494     		str	r4, [sp, #16]
 208              		.loc 1 84 5 is_stmt 1 view .LVU57
 209 0062 02A9     		add	r1, sp, #8
 210 0064 3046     		mov	r0, r6
 211 0066 A847     		blx	r5
 212              	.LVL7:
 213              		.loc 1 86 5 view .LVU58
 214              	.LBB4:
 215              		.loc 1 86 5 view .LVU59
 216 0068 0A4A     		ldr	r2, .L11+12
 217 006a 5368     		ldr	r3, [r2, #4]
 218              	.LVL8:
 219              		.loc 1 86 5 view .LVU60
 220              		.loc 1 86 5 view .LVU61
 221 006c 43F0E063 		orr	r3, r3, #117440512
 222              	.LVL9:
 223              		.loc 1 86 5 is_stmt 0 view .LVU62
 224 0070 43F00403 		orr	r3, r3, #4
 225              	.LVL10:
 226              		.loc 1 86 5 is_stmt 1 view .LVU63
 227 0074 5360     		str	r3, [r2, #4]
 228              	.LBE4:
 229              		.loc 1 86 5 view .LVU64
 230              		.loc 1 89 5 view .LVU65
ARM GAS  C:\Users\Korisnik\AppData\Local\Temp\ccLzAtCB.s 			page 5


 231 0076 2246     		mov	r2, r4
 232 0078 0521     		movs	r1, #5
 233 007a 2520     		movs	r0, #37
 234 007c 064B     		ldr	r3, .L11+16
 235              	.LVL11:
 236              		.loc 1 89 5 is_stmt 0 view .LVU66
 237 007e 9847     		blx	r3
 238              	.LVL12:
 239              		.loc 1 90 5 is_stmt 1 view .LVU67
 240 0080 2520     		movs	r0, #37
 241 0082 064B     		ldr	r3, .L11+20
 242 0084 9847     		blx	r3
 243              	.LVL13:
 244              		.loc 1 95 1 is_stmt 0 view .LVU68
 245 0086 C6E7     		b	.L7
 246              	.L12:
 247              		.align	2
 248              	.L11:
 249 0088 00380140 		.word	1073821696
 250 008c 000C0140 		.word	1073810432
 251 0090 00000000 		.word	HAL_GPIO_Init
 252 0094 00000140 		.word	1073807360
 253 0098 00000000 		.word	HAL_NVIC_SetPriority
 254 009c 00000000 		.word	HAL_NVIC_EnableIRQ
 255              		.cfi_endproc
 256              	.LFE66:
 258              		.section	.text.HAL_UART_MspDeInit,"ax",%progbits
 259              		.align	1
 260              		.global	HAL_UART_MspDeInit
 261              		.syntax unified
 262              		.thumb
 263              		.thumb_func
 264              		.fpu softvfp
 266              	HAL_UART_MspDeInit:
 267              	.LVL14:
 268              	.LFB67:
 269              		.loc 1 98 1 is_stmt 1 view -0
 270              		.cfi_startproc
 271              		@ args = 0, pretend = 0, frame = 0
 272              		@ frame_needed = 0, uses_anonymous_args = 0
 273              		.loc 1 98 1 is_stmt 0 view .LVU70
 274 0000 08B5     		push	{r3, lr}
 275              	.LCFI5:
 276              		.cfi_def_cfa_offset 8
 277              		.cfi_offset 3, -8
 278              		.cfi_offset 14, -4
 279              		.loc 1 100 3 is_stmt 1 view .LVU71
 280              		.loc 1 100 16 is_stmt 0 view .LVU72
 281 0002 0268     		ldr	r2, [r0]
 282              		.loc 1 100 5 view .LVU73
 283 0004 084B     		ldr	r3, .L17
 284 0006 9A42     		cmp	r2, r3
 285 0008 00D0     		beq	.L16
 286              	.LVL15:
 287              	.L13:
 288              		.loc 1 120 1 view .LVU74
 289 000a 08BD     		pop	{r3, pc}
ARM GAS  C:\Users\Korisnik\AppData\Local\Temp\ccLzAtCB.s 			page 6


 290              	.LVL16:
 291              	.L16:
 292              		.loc 1 106 5 is_stmt 1 view .LVU75
 293 000c 074A     		ldr	r2, .L17+4
 294 000e 9369     		ldr	r3, [r2, #24]
 295 0010 23F48043 		bic	r3, r3, #16384
 296 0014 9361     		str	r3, [r2, #24]
 297              		.loc 1 112 5 view .LVU76
 298 0016 C021     		movs	r1, #192
 299 0018 0548     		ldr	r0, .L17+8
 300              	.LVL17:
 301              		.loc 1 112 5 is_stmt 0 view .LVU77
 302 001a 064B     		ldr	r3, .L17+12
 303 001c 9847     		blx	r3
 304              	.LVL18:
 305              		.loc 1 115 5 is_stmt 1 view .LVU78
 306 001e 2520     		movs	r0, #37
 307 0020 054B     		ldr	r3, .L17+16
 308 0022 9847     		blx	r3
 309              	.LVL19:
 310              		.loc 1 120 1 is_stmt 0 view .LVU79
 311 0024 F1E7     		b	.L13
 312              	.L18:
 313 0026 00BF     		.align	2
 314              	.L17:
 315 0028 00380140 		.word	1073821696
 316 002c 00100240 		.word	1073876992
 317 0030 000C0140 		.word	1073810432
 318 0034 00000000 		.word	HAL_GPIO_DeInit
 319 0038 00000000 		.word	HAL_NVIC_DisableIRQ
 320              		.cfi_endproc
 321              	.LFE67:
 323              		.global	huart1
 324              		.section	.bss.huart1,"aw",%nobits
 325              		.align	2
 326              		.set	.LANCHOR0,. + 0
 329              	huart1:
 330 0000 00000000 		.space	68
 330      00000000 
 330      00000000 
 330      00000000 
 330      00000000 
 331              		.text
 332              	.Letext0:
 333              		.file 2 "../c:\\users\\korisnik\\desktop\\gnu mcu\\arm-none-eabi-gcc-10.2.1-1.1\\arm-none-eabi\\in
 334              		.file 3 "../c:\\users\\korisnik\\desktop\\gnu mcu\\arm-none-eabi-gcc-10.2.1-1.1\\arm-none-eabi\\in
 335              		.file 4 "../Drivers/CMSIS/Device/ST/STM32F1xx/Include/stm32f103x6.h"
 336              		.file 5 "../Drivers/STM32F1xx_HAL_Driver/Inc/stm32f1xx_hal_def.h"
 337              		.file 6 "../Drivers/STM32F1xx_HAL_Driver/Inc/stm32f1xx_hal_gpio.h"
 338              		.file 7 "../Drivers/STM32F1xx_HAL_Driver/Inc/stm32f1xx_hal_dma.h"
 339              		.file 8 "../Drivers/STM32F1xx_HAL_Driver/Inc/stm32f1xx_hal_uart.h"
 340              		.file 9 "../Core/Inc/usart.h"
 341              		.file 10 "../Drivers/STM32F1xx_HAL_Driver/Inc/stm32f1xx_hal_cortex.h"
 342              		.file 11 "../Core/Inc/main.h"
ARM GAS  C:\Users\Korisnik\AppData\Local\Temp\ccLzAtCB.s 			page 7


DEFINED SYMBOLS
                            *ABS*:0000000000000000 usart.c
C:\Users\Korisnik\AppData\Local\Temp\ccLzAtCB.s:16     .text.MX_USART1_UART_Init:0000000000000000 $t
C:\Users\Korisnik\AppData\Local\Temp\ccLzAtCB.s:24     .text.MX_USART1_UART_Init:0000000000000000 MX_USART1_UART_Init
C:\Users\Korisnik\AppData\Local\Temp\ccLzAtCB.s:85     .text.MX_USART1_UART_Init:000000000000002c $d
C:\Users\Korisnik\AppData\Local\Temp\ccLzAtCB.s:93     .text.HAL_UART_MspInit:0000000000000000 $t
C:\Users\Korisnik\AppData\Local\Temp\ccLzAtCB.s:100    .text.HAL_UART_MspInit:0000000000000000 HAL_UART_MspInit
C:\Users\Korisnik\AppData\Local\Temp\ccLzAtCB.s:249    .text.HAL_UART_MspInit:0000000000000088 $d
C:\Users\Korisnik\AppData\Local\Temp\ccLzAtCB.s:259    .text.HAL_UART_MspDeInit:0000000000000000 $t
C:\Users\Korisnik\AppData\Local\Temp\ccLzAtCB.s:266    .text.HAL_UART_MspDeInit:0000000000000000 HAL_UART_MspDeInit
C:\Users\Korisnik\AppData\Local\Temp\ccLzAtCB.s:315    .text.HAL_UART_MspDeInit:0000000000000028 $d
C:\Users\Korisnik\AppData\Local\Temp\ccLzAtCB.s:329    .bss.huart1:0000000000000000 huart1
C:\Users\Korisnik\AppData\Local\Temp\ccLzAtCB.s:325    .bss.huart1:0000000000000000 $d

UNDEFINED SYMBOLS
HAL_UART_Init
Error_Handler
HAL_GPIO_Init
HAL_NVIC_SetPriority
HAL_NVIC_EnableIRQ
HAL_GPIO_DeInit
HAL_NVIC_DisableIRQ
