ARM GAS  C:\Users\Korisnik\AppData\Local\Temp\ccW9Rm4l.s 			page 1


   1              		.cpu cortex-m3
   2              		.eabi_attribute 20, 1
   3              		.eabi_attribute 21, 1
   4              		.eabi_attribute 23, 3
   5              		.eabi_attribute 24, 1
   6              		.eabi_attribute 25, 1
   7              		.eabi_attribute 26, 1
   8              		.eabi_attribute 30, 1
   9              		.eabi_attribute 34, 1
  10              		.eabi_attribute 18, 4
  11              		.file	"gpio.c"
  12              		.text
  13              	.Ltext0:
  14              		.cfi_sections	.debug_frame
  15              		.section	.text.MX_GPIO_Init,"ax",%progbits
  16              		.align	1
  17              		.global	MX_GPIO_Init
  18              		.arch armv7-m
  19              		.syntax unified
  20              		.thumb
  21              		.thumb_func
  22              		.fpu softvfp
  24              	MX_GPIO_Init:
  25              	.LFB65:
  26              		.file 1 "../Core/Src/gpio.c"
   1:../Core/Src/gpio.c **** 
  27              		.loc 1 37 1 view -0
  28              		.cfi_startproc
  29              		@ args = 0, pretend = 0, frame = 32
  30              		@ frame_needed = 0, uses_anonymous_args = 0
  31 0000 2DE9F041 		push	{r4, r5, r6, r7, r8, lr}
  32              	.LCFI0:
  33              		.cfi_def_cfa_offset 24
  34              		.cfi_offset 4, -24
  35              		.cfi_offset 5, -20
  36              		.cfi_offset 6, -16
  37              		.cfi_offset 7, -12
  38              		.cfi_offset 8, -8
  39              		.cfi_offset 14, -4
  40 0004 88B0     		sub	sp, sp, #32
  41              	.LCFI1:
  42              		.cfi_def_cfa_offset 56
  43              		.loc 1 39 3 view .LVU1
  44              		.loc 1 39 20 is_stmt 0 view .LVU2
  45 0006 0024     		movs	r4, #0
  46 0008 0494     		str	r4, [sp, #16]
  47 000a 0594     		str	r4, [sp, #20]
  48 000c 0694     		str	r4, [sp, #24]
  49 000e 0794     		str	r4, [sp, #28]
  50              		.loc 1 42 3 is_stmt 1 view .LVU3
  51              	.LBB2:
  52              		.loc 1 42 3 view .LVU4
  53              		.loc 1 42 3 view .LVU5
  54 0010 274B     		ldr	r3, .L3
  55 0012 9A69     		ldr	r2, [r3, #24]
  56 0014 42F01002 		orr	r2, r2, #16
  57 0018 9A61     		str	r2, [r3, #24]
ARM GAS  C:\Users\Korisnik\AppData\Local\Temp\ccW9Rm4l.s 			page 2


  58              		.loc 1 42 3 view .LVU6
  59 001a 9A69     		ldr	r2, [r3, #24]
  60 001c 02F01002 		and	r2, r2, #16
  61 0020 0192     		str	r2, [sp, #4]
  62              		.loc 1 42 3 view .LVU7
  63 0022 019A     		ldr	r2, [sp, #4]
  64              	.LBE2:
  65              		.loc 1 42 3 view .LVU8
  66              		.loc 1 43 3 view .LVU9
  67              	.LBB3:
  68              		.loc 1 43 3 view .LVU10
  69              		.loc 1 43 3 view .LVU11
  70 0024 9A69     		ldr	r2, [r3, #24]
  71 0026 42F00402 		orr	r2, r2, #4
  72 002a 9A61     		str	r2, [r3, #24]
  73              		.loc 1 43 3 view .LVU12
  74 002c 9A69     		ldr	r2, [r3, #24]
  75 002e 02F00402 		and	r2, r2, #4
  76 0032 0292     		str	r2, [sp, #8]
  77              		.loc 1 43 3 view .LVU13
  78 0034 029A     		ldr	r2, [sp, #8]
  79              	.LBE3:
  80              		.loc 1 43 3 view .LVU14
  81              		.loc 1 44 3 view .LVU15
  82              	.LBB4:
  83              		.loc 1 44 3 view .LVU16
  84              		.loc 1 44 3 view .LVU17
  85 0036 9A69     		ldr	r2, [r3, #24]
  86 0038 42F00802 		orr	r2, r2, #8
  87 003c 9A61     		str	r2, [r3, #24]
  88              		.loc 1 44 3 view .LVU18
  89 003e 9B69     		ldr	r3, [r3, #24]
  90 0040 03F00803 		and	r3, r3, #8
  91 0044 0393     		str	r3, [sp, #12]
  92              		.loc 1 44 3 view .LVU19
  93 0046 039B     		ldr	r3, [sp, #12]
  94              	.LBE4:
  95              		.loc 1 44 3 view .LVU20
  96              		.loc 1 47 3 view .LVU21
  97 0048 1A4E     		ldr	r6, .L3+4
  98 004a 2246     		mov	r2, r4
  99 004c 7F21     		movs	r1, #127
 100 004e 3046     		mov	r0, r6
 101 0050 194D     		ldr	r5, .L3+8
 102 0052 A847     		blx	r5
 103              	.LVL0:
 104              		.loc 1 51 3 view .LVU22
 105 0054 DFF86480 		ldr	r8, .L3+12
 106 0058 2246     		mov	r2, r4
 107 005a 40F20141 		movw	r1, #1025
 108 005e 4046     		mov	r0, r8
 109 0060 A847     		blx	r5
 110              	.LVL1:
 111              		.loc 1 54 3 view .LVU23
 112 0062 174F     		ldr	r7, .L3+16
 113 0064 2246     		mov	r2, r4
 114 0066 4FF40051 		mov	r1, #8192
ARM GAS  C:\Users\Korisnik\AppData\Local\Temp\ccW9Rm4l.s 			page 3


 115 006a 3846     		mov	r0, r7
 116 006c A847     		blx	r5
 117              	.LVL2:
 118              		.loc 1 58 3 view .LVU24
 119              		.loc 1 58 23 is_stmt 0 view .LVU25
 120 006e 7F23     		movs	r3, #127
 121 0070 0493     		str	r3, [sp, #16]
 122              		.loc 1 60 3 is_stmt 1 view .LVU26
 123              		.loc 1 60 24 is_stmt 0 view .LVU27
 124 0072 0124     		movs	r4, #1
 125 0074 0594     		str	r4, [sp, #20]
 126              		.loc 1 61 3 is_stmt 1 view .LVU28
 127              		.loc 1 61 24 is_stmt 0 view .LVU29
 128 0076 0225     		movs	r5, #2
 129 0078 0695     		str	r5, [sp, #24]
 130              		.loc 1 62 3 is_stmt 1 view .LVU30
 131              		.loc 1 62 25 is_stmt 0 view .LVU31
 132 007a 0795     		str	r5, [sp, #28]
 133              		.loc 1 63 3 is_stmt 1 view .LVU32
 134 007c 04A9     		add	r1, sp, #16
 135 007e 3046     		mov	r0, r6
 136 0080 104E     		ldr	r6, .L3+20
 137 0082 B047     		blx	r6
 138              	.LVL3:
 139              		.loc 1 66 3 view .LVU33
 140              		.loc 1 66 23 is_stmt 0 view .LVU34
 141 0084 40F20143 		movw	r3, #1025
 142 0088 0493     		str	r3, [sp, #16]
 143              		.loc 1 67 3 is_stmt 1 view .LVU35
 144              		.loc 1 67 24 is_stmt 0 view .LVU36
 145 008a 0594     		str	r4, [sp, #20]
 146              		.loc 1 68 3 is_stmt 1 view .LVU37
 147              		.loc 1 68 24 is_stmt 0 view .LVU38
 148 008c 0694     		str	r4, [sp, #24]
 149              		.loc 1 69 3 is_stmt 1 view .LVU39
 150              		.loc 1 69 25 is_stmt 0 view .LVU40
 151 008e 0795     		str	r5, [sp, #28]
 152              		.loc 1 70 3 is_stmt 1 view .LVU41
 153 0090 04A9     		add	r1, sp, #16
 154 0092 4046     		mov	r0, r8
 155 0094 B047     		blx	r6
 156              	.LVL4:
 157              		.loc 1 73 3 view .LVU42
 158              		.loc 1 73 23 is_stmt 0 view .LVU43
 159 0096 4FF40053 		mov	r3, #8192
 160 009a 0493     		str	r3, [sp, #16]
 161              		.loc 1 74 3 is_stmt 1 view .LVU44
 162              		.loc 1 74 24 is_stmt 0 view .LVU45
 163 009c 0594     		str	r4, [sp, #20]
 164              		.loc 1 75 3 is_stmt 1 view .LVU46
 165              		.loc 1 75 24 is_stmt 0 view .LVU47
 166 009e 0694     		str	r4, [sp, #24]
 167              		.loc 1 76 3 is_stmt 1 view .LVU48
 168              		.loc 1 76 25 is_stmt 0 view .LVU49
 169 00a0 0795     		str	r5, [sp, #28]
 170              		.loc 1 77 3 is_stmt 1 view .LVU50
 171 00a2 04A9     		add	r1, sp, #16
ARM GAS  C:\Users\Korisnik\AppData\Local\Temp\ccW9Rm4l.s 			page 4


 172 00a4 3846     		mov	r0, r7
 173 00a6 B047     		blx	r6
 174              	.LVL5:
 175              		.loc 1 79 1 is_stmt 0 view .LVU51
 176 00a8 08B0     		add	sp, sp, #32
 177              	.LCFI2:
 178              		.cfi_def_cfa_offset 24
 179              		@ sp needed
 180 00aa BDE8F081 		pop	{r4, r5, r6, r7, r8, pc}
 181              	.L4:
 182 00ae 00BF     		.align	2
 183              	.L3:
 184 00b0 00100240 		.word	1073876992
 185 00b4 00100140 		.word	1073811456
 186 00b8 00000000 		.word	HAL_GPIO_WritePin
 187 00bc 000C0140 		.word	1073810432
 188 00c0 00080140 		.word	1073809408
 189 00c4 00000000 		.word	HAL_GPIO_Init
 190              		.cfi_endproc
 191              	.LFE65:
 193              		.text
 194              	.Letext0:
 195              		.file 2 "../c:\\users\\korisnik\\desktop\\gnu mcu\\arm-none-eabi-gcc-10.2.1-1.1\\arm-none-eabi\\in
 196              		.file 3 "../c:\\users\\korisnik\\desktop\\gnu mcu\\arm-none-eabi-gcc-10.2.1-1.1\\arm-none-eabi\\in
 197              		.file 4 "../Drivers/CMSIS/Device/ST/STM32F1xx/Include/stm32f103x6.h"
 198              		.file 5 "../Drivers/STM32F1xx_HAL_Driver/Inc/stm32f1xx_hal_gpio.h"
ARM GAS  C:\Users\Korisnik\AppData\Local\Temp\ccW9Rm4l.s 			page 5


DEFINED SYMBOLS
                            *ABS*:0000000000000000 gpio.c
C:\Users\Korisnik\AppData\Local\Temp\ccW9Rm4l.s:16     .text.MX_GPIO_Init:0000000000000000 $t
C:\Users\Korisnik\AppData\Local\Temp\ccW9Rm4l.s:24     .text.MX_GPIO_Init:0000000000000000 MX_GPIO_Init
C:\Users\Korisnik\AppData\Local\Temp\ccW9Rm4l.s:184    .text.MX_GPIO_Init:00000000000000b0 $d

UNDEFINED SYMBOLS
HAL_GPIO_WritePin
HAL_GPIO_Init
